c:\anton\projects\quad build\quad-controller\src\gnd_cntrl\project1\release\vc120.pdb
c:\anton\projects\quad build\quad-controller\src\gnd_cntrl\project1\release\toolbar.obj
c:\anton\projects\quad build\quad-controller\src\gnd_cntrl\project1\release\stb_image.obj
c:\anton\projects\quad build\quad-controller\src\gnd_cntrl\project1\release\statusbar.obj
c:\anton\projects\quad build\quad-controller\src\gnd_cntrl\project1\release\shader.obj
c:\anton\projects\quad build\quad-controller\src\gnd_cntrl\project1\release\setupmenu.obj
c:\anton\projects\quad build\quad-controller\src\gnd_cntrl\project1\release\serialcomm.obj
c:\anton\projects\quad build\quad-controller\src\gnd_cntrl\project1\release\scroller.obj
c:\anton\projects\quad build\quad-controller\src\gnd_cntrl\project1\release\perind.obj
c:\anton\projects\quad build\quad-controller\src\gnd_cntrl\project1\release\manmenu.obj
c:\anton\projects\quad build\quad-controller\src\gnd_cntrl\project1\release\main.obj
c:\anton\projects\quad build\quad-controller\src\gnd_cntrl\project1\release\loadscr.obj
c:\anton\projects\quad build\quad-controller\src\gnd_cntrl\project1\release\label.obj
c:\anton\projects\quad build\quad-controller\src\gnd_cntrl\project1\release\horizontalscroller.obj
c:\anton\projects\quad build\quad-controller\src\gnd_cntrl\project1\release\glfw_callback_func.obj
c:\anton\projects\quad build\quad-controller\src\gnd_cntrl\project1\release\frame.obj
c:\anton\projects\quad build\quad-controller\src\gnd_cntrl\project1\release\exitmenu.obj
c:\anton\projects\quad build\quad-controller\src\gnd_cntrl\project1\release\button.obj
c:\anton\projects\quad build\quad-controller\src\gnd_cntrl\project1\release\automenu.obj
c:\anton\projects\quad build\quad-controller\src\gnd_cntrl\project1\release\attitudeind.obj
c:\anton\projects\quad build\quad-controller\src\gnd_cntrl\project1\release\aboutmenu.obj
c:\anton\projects\quad build\quad-controller\src\gnd_cntrl\project1\release\videoframe.obj
c:\anton\projects\quad build\quad-controller\src\gnd_cntrl\project1\release\glad.obj
c:\anton\projects\quad build\quad-controller\src\gnd_cntrl\release\project1.pdb
c:\anton\projects\quad build\quad-controller\src\gnd_cntrl\project1\release\project1.tlog\cl.command.1.tlog
c:\anton\projects\quad build\quad-controller\src\gnd_cntrl\project1\release\project1.tlog\cl.read.1.tlog
c:\anton\projects\quad build\quad-controller\src\gnd_cntrl\project1\release\project1.tlog\cl.write.1.tlog
c:\anton\projects\quad build\quad-controller\src\gnd_cntrl\project1\release\project1.tlog\link.command.1.tlog
c:\anton\projects\quad build\quad-controller\src\gnd_cntrl\project1\release\project1.tlog\link.read.1.tlog
c:\anton\projects\quad build\quad-controller\src\gnd_cntrl\project1\release\project1.tlog\link.write.1.tlog
