c:\anton\projects\quad build\quad-controller\src\gnd_cntrl\project1\debug\vc120.pdb
c:\anton\projects\quad build\quad-controller\src\gnd_cntrl\project1\debug\vc120.idb
c:\anton\projects\quad build\quad-controller\src\gnd_cntrl\project1\debug\aboutmenu.obj
c:\anton\projects\quad build\quad-controller\src\gnd_cntrl\project1\debug\attitudeind.obj
c:\anton\projects\quad build\quad-controller\src\gnd_cntrl\project1\debug\automenu.obj
c:\anton\projects\quad build\quad-controller\src\gnd_cntrl\project1\debug\button.obj
c:\anton\projects\quad build\quad-controller\src\gnd_cntrl\project1\debug\exitmenu.obj
c:\anton\projects\quad build\quad-controller\src\gnd_cntrl\project1\debug\frame.obj
c:\anton\projects\quad build\quad-controller\src\gnd_cntrl\project1\debug\glfw_callback_func.obj
c:\anton\projects\quad build\quad-controller\src\gnd_cntrl\project1\debug\horizontalscroller.obj
c:\anton\projects\quad build\quad-controller\src\gnd_cntrl\project1\debug\label.obj
c:\anton\projects\quad build\quad-controller\src\gnd_cntrl\project1\debug\main.obj
c:\anton\projects\quad build\quad-controller\src\gnd_cntrl\project1\debug\manmenu.obj
c:\anton\projects\quad build\quad-controller\src\gnd_cntrl\project1\debug\perind.obj
c:\anton\projects\quad build\quad-controller\src\gnd_cntrl\project1\debug\scroller.obj
c:\anton\projects\quad build\quad-controller\src\gnd_cntrl\project1\debug\serialcomm.obj
c:\anton\projects\quad build\quad-controller\src\gnd_cntrl\project1\debug\setupmenu.obj
c:\anton\projects\quad build\quad-controller\src\gnd_cntrl\project1\debug\shader.obj
c:\anton\projects\quad build\quad-controller\src\gnd_cntrl\project1\debug\statusbar.obj
c:\anton\projects\quad build\quad-controller\src\gnd_cntrl\project1\debug\stb_image.obj
c:\anton\projects\quad build\quad-controller\src\gnd_cntrl\project1\debug\toolbar.obj
c:\anton\projects\quad build\quad-controller\src\gnd_cntrl\project1\debug\videoframe.obj
c:\anton\projects\quad build\quad-controller\src\gnd_cntrl\project1\debug\glad.obj
c:\anton\projects\quad build\quad-controller\src\gnd_cntrl\project1\debug\loadmenu.obj
c:\anton\projects\quad build\quad-controller\src\gnd_cntrl\debug\project1.ilk
c:\anton\projects\quad build\quad-controller\src\gnd_cntrl\debug\project1.exe
c:\anton\projects\quad build\quad-controller\src\gnd_cntrl\debug\project1.pdb
c:\anton\projects\quad build\quad-controller\src\gnd_cntrl\project1\debug\project1.tlog\cl.command.1.tlog
c:\anton\projects\quad build\quad-controller\src\gnd_cntrl\project1\debug\project1.tlog\cl.read.1.tlog
c:\anton\projects\quad build\quad-controller\src\gnd_cntrl\project1\debug\project1.tlog\cl.write.1.tlog
c:\anton\projects\quad build\quad-controller\src\gnd_cntrl\project1\debug\project1.tlog\link.command.1.tlog
c:\anton\projects\quad build\quad-controller\src\gnd_cntrl\project1\debug\project1.tlog\link.read.1.tlog
c:\anton\projects\quad build\quad-controller\src\gnd_cntrl\project1\debug\project1.tlog\link.write.1.tlog
