Build started 1/24/2018 9:39:55 PM.
     1>Project "C:\Anton\Projects\Quad Build\Ground Controller\Src\Web_cam_test\Project1\Project1.vcxproj" on node 2 (Build target(s)).
     1>Link:
         C:\Program Files (x86)\Microsoft Visual Studio 12.0\VC\bin\x86_amd64\link.exe /ERRORREPORT:PROMPT /OUT:"C:\Anton\Projects\Quad Build\Ground Controller\Src\Web_cam_test\x64\Debug\Project1.exe" /INCREMENTAL /NOLOGO /LIBPATH:C:\Anton\Projects\Libs\Libs opengl32.lib glfw3.lib kernel32.lib user32.lib gdi32.lib winspool.lib comdlg32.lib advapi32.lib shell32.lib ole32.lib oleaut32.lib uuid.lib odbc32.lib odbccp32.lib /MANIFEST /MANIFESTUAC:"level='asInvoker' uiAccess='false'" /manifest:embed /DEBUG /PDB:"C:\Anton\Projects\Quad Build\Ground Controller\Src\Web_cam_test\x64\Debug\Project1.pdb" /TLBID:1 /DYNAMICBASE /NXCOMPAT /IMPLIB:"C:\Anton\Projects\Quad Build\Ground Controller\Src\Web_cam_test\x64\Debug\Project1.lib" /MACHINE:X64 x64\Debug\glad.obj
         x64\Debug\main.obj
         x64\Debug\Shader.obj
         x64\Debug\stb_image.obj
     1>main.obj : error LNK2019: unresolved external symbol glfwInit referenced in function main
     1>main.obj : error LNK2019: unresolved external symbol glfwTerminate referenced in function main
     1>main.obj : error LNK2019: unresolved external symbol glfwWindowHint referenced in function main
     1>main.obj : error LNK2019: unresolved external symbol glfwCreateWindow referenced in function main
     1>main.obj : error LNK2019: unresolved external symbol glfwWindowShouldClose referenced in function main
     1>main.obj : error LNK2019: unresolved external symbol glfwSetWindowShouldClose referenced in function "void __cdecl processInput(struct GLFWwindow *)" (?processInput@@YAXPEAUGLFWwindow@@@Z)
     1>main.obj : error LNK2019: unresolved external symbol glfwSetFramebufferSizeCallback referenced in function main
     1>main.obj : error LNK2019: unresolved external symbol glfwPollEvents referenced in function main
     1>main.obj : error LNK2019: unresolved external symbol glfwGetKey referenced in function "void __cdecl processInput(struct GLFWwindow *)" (?processInput@@YAXPEAUGLFWwindow@@@Z)
     1>main.obj : error LNK2019: unresolved external symbol glfwMakeContextCurrent referenced in function main
     1>main.obj : error LNK2019: unresolved external symbol glfwSwapBuffers referenced in function main
     1>main.obj : error LNK2019: unresolved external symbol glfwGetProcAddress referenced in function main
     1>C:\Anton\Projects\Quad Build\Ground Controller\Src\Web_cam_test\x64\Debug\Project1.exe : fatal error LNK1120: 12 unresolved externals
     1>Done Building Project "C:\Anton\Projects\Quad Build\Ground Controller\Src\Web_cam_test\Project1\Project1.vcxproj" (Build target(s)) -- FAILED.

Build FAILED.

Time Elapsed 00:00:00.23
